2020-07-20 13:00:36,206 - 140 INFO - create table if not exists details_main(STUDENT_ID BIGINT PRIMARY KEY NOT NULL,
                     NAME     VARCHAR(45)   NOT NULL,
                     DOB       DATE       NOT NULL,
                     GENDER    VARCHAR(10),
                     GUARDIAN_NAME  VARCHAR(45),
                     ADDRESS    VARCHAR(50),
                     PHONE_NO   BIGINT,
                     DOJ    DATE,
                     STUDENT_START_DATE DATETIME,
                     STUDENT_END_DATE   DATETIME) details_main.sql 0.1s details_main Table CREATED
2020-07-20 13:00:36,328 - 140 INFO - details_main UPDATED
2020-07-20 13:01:07,207 - 7136 INFO - create table if not exists details_main(STUDENT_ID BIGINT PRIMARY KEY NOT NULL,
                     NAME     VARCHAR(43)   NOT NULL,
                     DOB       DATE       NOT NULL,
                     GENDER    VARCHAR(10),
                     GUARDIAN_NAME  VARCHAR(45),
                     ADDRESS    VARCHAR(50),
                     PHONE_NO   BIGINT,
                     DOJ    DATE,
                     STUDENT_START_DATE DATETIME,
                     STUDENT_END_DATE   DATETIME) details_main.sql 0.06s details_main Table CREATED
2020-07-20 13:01:07,335 - 7136 INFO - details_main UPDATED
