2020-07-20 12:56:50,754 - 8940 INFO - create table if not exists details_main(STUDENT_ID BIGINT PRIMARY KEY NOT NULL,
                     NAME     VARCHAR(45)   NOT NULL,
                     DOB       DATE       NOT NULL,
                     GENDER    VARCHAR(10),
                     GUARDIAN_NAME  VARCHAR(45),
                     ADDRESS    VARCHAR(50),
                     PHONE_NO   BIGINT,
                     DOJ    DATE,
                     STUDENT_START_DATE DATETIME,
                     STUDENT_END_DATE   DATETIME) details_main.sql 0.01s details_main Table CREATED
2020-07-20 12:56:50,824 - 8940 DEBUG - ['Traceback (most recent call last):\n', '  File "C:/Users/k.a.ramasubramanian/Desktop/Training/Student_project/src/main/creation_ddl_update.py", line 59, in ddl_updates\n    self.obj2.create_table(table, filepath)\n', "AttributeError: 'execution' object has no attribute 'create_table'\n"]
2020-07-20 12:56:50,877 - 8940 INFO - create table if not exists dimension_calender_details(TIME_ID VARCHAR(5) PRIMARY KEY,
                        HOLIDAY DATE,
                        HOLIDAY_START_DATE DATETIME,
                        HOLIDAY_END_DATE  DATETIME) dimension_calender_details.sql 0.01s dimension_calender_details Table CREATED
2020-07-20 12:56:50,877 - 8940 INFO - create table if not exists dimension_calender_details(TIME_ID VARCHAR(5) PRIMARY KEY,
                        HOLIDAY DATE,
                        HOLIDAY_START_DATE DATETIME,
                        HOLIDAY_END_DATE  DATETIME) dimension_calender_details.sql 0.01s dimension_calender_details Table CREATED
2020-07-20 12:56:50,931 - 8940 INFO - create table if not exists dimension_course_details(COURSE_ID VARCHAR(9) NOT NULL PRIMARY KEY,
                        COURSE_NAME VARCHAR(20),
                        COURSE_START_DATE DATETIME,
                        COURSE_END_DATE   DATETIME) dimension_course_details.sql 0.0s dimension_course_details Table CREATED
2020-07-20 12:56:50,931 - 8940 INFO - create table if not exists dimension_course_details(COURSE_ID VARCHAR(9) NOT NULL PRIMARY KEY,
                        COURSE_NAME VARCHAR(20),
                        COURSE_START_DATE DATETIME,
                        COURSE_END_DATE   DATETIME) dimension_course_details.sql 0.0s dimension_course_details Table CREATED
2020-07-20 12:56:50,931 - 8940 INFO - create table if not exists dimension_course_details(COURSE_ID VARCHAR(9) NOT NULL PRIMARY KEY,
                        COURSE_NAME VARCHAR(20),
                        COURSE_START_DATE DATETIME,
                        COURSE_END_DATE   DATETIME) dimension_course_details.sql 0.0s dimension_course_details Table CREATED
2020-07-20 12:56:50,978 - 8940 INFO - create table if not exists dimension_degree_details(DEGREE_ID BIGINT NOT NULL PRIMARY KEY,
                        DEGREE_TYPE   VARCHAR(5),
                        DURATION   INT,
                        DEGREE_START_DATE DATETIME,
                        DEGREE_END_DATE   DATETIME) dimension_degree_details.sql 0.0s dimension_degree_details Table CREATED
2020-07-20 12:56:50,978 - 8940 INFO - create table if not exists dimension_degree_details(DEGREE_ID BIGINT NOT NULL PRIMARY KEY,
                        DEGREE_TYPE   VARCHAR(5),
                        DURATION   INT,
                        DEGREE_START_DATE DATETIME,
                        DEGREE_END_DATE   DATETIME) dimension_degree_details.sql 0.0s dimension_degree_details Table CREATED
2020-07-20 12:56:50,978 - 8940 INFO - create table if not exists dimension_degree_details(DEGREE_ID BIGINT NOT NULL PRIMARY KEY,
                        DEGREE_TYPE   VARCHAR(5),
                        DURATION   INT,
                        DEGREE_START_DATE DATETIME,
                        DEGREE_END_DATE   DATETIME) dimension_degree_details.sql 0.0s dimension_degree_details Table CREATED
2020-07-20 12:56:50,978 - 8940 INFO - create table if not exists dimension_degree_details(DEGREE_ID BIGINT NOT NULL PRIMARY KEY,
                        DEGREE_TYPE   VARCHAR(5),
                        DURATION   INT,
                        DEGREE_START_DATE DATETIME,
                        DEGREE_END_DATE   DATETIME) dimension_degree_details.sql 0.0s dimension_degree_details Table CREATED
2020-07-20 12:56:51,022 - 8940 INFO - create table if not exists dimension_department_details(DEP_ID VARCHAR(9) NOT NULL PRIMARY KEY,
                        DEP_NAME VARCHAR(50),
                        DEP_START_DATE DATETIME,
                        DEP_END_DATE   DATETIME) dimension_department_details.sql 0.0s dimension_department_details Table CREATED
2020-07-20 12:56:51,022 - 8940 INFO - create table if not exists dimension_department_details(DEP_ID VARCHAR(9) NOT NULL PRIMARY KEY,
                        DEP_NAME VARCHAR(50),
                        DEP_START_DATE DATETIME,
                        DEP_END_DATE   DATETIME) dimension_department_details.sql 0.0s dimension_department_details Table CREATED
2020-07-20 12:56:51,022 - 8940 INFO - create table if not exists dimension_department_details(DEP_ID VARCHAR(9) NOT NULL PRIMARY KEY,
                        DEP_NAME VARCHAR(50),
                        DEP_START_DATE DATETIME,
                        DEP_END_DATE   DATETIME) dimension_department_details.sql 0.0s dimension_department_details Table CREATED
2020-07-20 12:56:51,022 - 8940 INFO - create table if not exists dimension_department_details(DEP_ID VARCHAR(9) NOT NULL PRIMARY KEY,
                        DEP_NAME VARCHAR(50),
                        DEP_START_DATE DATETIME,
                        DEP_END_DATE   DATETIME) dimension_department_details.sql 0.0s dimension_department_details Table CREATED
2020-07-20 12:56:51,022 - 8940 INFO - create table if not exists dimension_department_details(DEP_ID VARCHAR(9) NOT NULL PRIMARY KEY,
                        DEP_NAME VARCHAR(50),
                        DEP_START_DATE DATETIME,
                        DEP_END_DATE   DATETIME) dimension_department_details.sql 0.0s dimension_department_details Table CREATED
2020-07-20 12:56:51,077 - 8940 INFO - create table if not exists dimension_exam_details(EXAM_ID INT NOT NULL PRIMARY KEY,
                        EXAM_TYPE   VARCHAR(3),
                        EXAM_DESCRIPTION    VARCHAR(15),
                        EXAM_START_DATE DATETIME,
                        EXAM_END_DATE   DATETIME) dimension_exam_details.sql 0.0s dimension_exam_details Table CREATED
2020-07-20 12:56:51,077 - 8940 INFO - create table if not exists dimension_exam_details(EXAM_ID INT NOT NULL PRIMARY KEY,
                        EXAM_TYPE   VARCHAR(3),
                        EXAM_DESCRIPTION    VARCHAR(15),
                        EXAM_START_DATE DATETIME,
                        EXAM_END_DATE   DATETIME) dimension_exam_details.sql 0.0s dimension_exam_details Table CREATED
2020-07-20 12:56:51,077 - 8940 INFO - create table if not exists dimension_exam_details(EXAM_ID INT NOT NULL PRIMARY KEY,
                        EXAM_TYPE   VARCHAR(3),
                        EXAM_DESCRIPTION    VARCHAR(15),
                        EXAM_START_DATE DATETIME,
                        EXAM_END_DATE   DATETIME) dimension_exam_details.sql 0.0s dimension_exam_details Table CREATED
2020-07-20 12:56:51,077 - 8940 INFO - create table if not exists dimension_exam_details(EXAM_ID INT NOT NULL PRIMARY KEY,
                        EXAM_TYPE   VARCHAR(3),
                        EXAM_DESCRIPTION    VARCHAR(15),
                        EXAM_START_DATE DATETIME,
                        EXAM_END_DATE   DATETIME) dimension_exam_details.sql 0.0s dimension_exam_details Table CREATED
2020-07-20 12:56:51,077 - 8940 INFO - create table if not exists dimension_exam_details(EXAM_ID INT NOT NULL PRIMARY KEY,
                        EXAM_TYPE   VARCHAR(3),
                        EXAM_DESCRIPTION    VARCHAR(15),
                        EXAM_START_DATE DATETIME,
                        EXAM_END_DATE   DATETIME) dimension_exam_details.sql 0.0s dimension_exam_details Table CREATED
2020-07-20 12:56:51,077 - 8940 INFO - create table if not exists dimension_exam_details(EXAM_ID INT NOT NULL PRIMARY KEY,
                        EXAM_TYPE   VARCHAR(3),
                        EXAM_DESCRIPTION    VARCHAR(15),
                        EXAM_START_DATE DATETIME,
                        EXAM_END_DATE   DATETIME) dimension_exam_details.sql 0.0s dimension_exam_details Table CREATED
2020-07-20 12:56:51,122 - 8940 INFO - create table if not exists dimension_grade_details(GRADE_ID CHAR(2) NOT NULL PRIMARY KEY,
                        GRADE_DESCRIPTION    CHAR(20),
                        GRADE_START_DATE DATETIME,
                        GRADE_END_DATE   DATETIME) dimension_grade_details.sql 0.0s dimension_grade_details Table CREATED
2020-07-20 12:56:51,122 - 8940 INFO - create table if not exists dimension_grade_details(GRADE_ID CHAR(2) NOT NULL PRIMARY KEY,
                        GRADE_DESCRIPTION    CHAR(20),
                        GRADE_START_DATE DATETIME,
                        GRADE_END_DATE   DATETIME) dimension_grade_details.sql 0.0s dimension_grade_details Table CREATED
2020-07-20 12:56:51,122 - 8940 INFO - create table if not exists dimension_grade_details(GRADE_ID CHAR(2) NOT NULL PRIMARY KEY,
                        GRADE_DESCRIPTION    CHAR(20),
                        GRADE_START_DATE DATETIME,
                        GRADE_END_DATE   DATETIME) dimension_grade_details.sql 0.0s dimension_grade_details Table CREATED
2020-07-20 12:56:51,122 - 8940 INFO - create table if not exists dimension_grade_details(GRADE_ID CHAR(2) NOT NULL PRIMARY KEY,
                        GRADE_DESCRIPTION    CHAR(20),
                        GRADE_START_DATE DATETIME,
                        GRADE_END_DATE   DATETIME) dimension_grade_details.sql 0.0s dimension_grade_details Table CREATED
2020-07-20 12:56:51,122 - 8940 INFO - create table if not exists dimension_grade_details(GRADE_ID CHAR(2) NOT NULL PRIMARY KEY,
                        GRADE_DESCRIPTION    CHAR(20),
                        GRADE_START_DATE DATETIME,
                        GRADE_END_DATE   DATETIME) dimension_grade_details.sql 0.0s dimension_grade_details Table CREATED
2020-07-20 12:56:51,122 - 8940 INFO - create table if not exists dimension_grade_details(GRADE_ID CHAR(2) NOT NULL PRIMARY KEY,
                        GRADE_DESCRIPTION    CHAR(20),
                        GRADE_START_DATE DATETIME,
                        GRADE_END_DATE   DATETIME) dimension_grade_details.sql 0.0s dimension_grade_details Table CREATED
2020-07-20 12:56:51,122 - 8940 INFO - create table if not exists dimension_grade_details(GRADE_ID CHAR(2) NOT NULL PRIMARY KEY,
                        GRADE_DESCRIPTION    CHAR(20),
                        GRADE_START_DATE DATETIME,
                        GRADE_END_DATE   DATETIME) dimension_grade_details.sql 0.0s dimension_grade_details Table CREATED
2020-07-20 12:56:51,167 - 8940 INFO - create table if not exists dimension_payment_details(FEE_ID VARCHAR(10) NOT NULL PRIMARY KEY,
                        FEES   BIGINT,
                        FEES_TYPE  VARCHAR(15),
                        PAYMENT_START_DATE DATETIME,
                        PAYMENT_END_DATE   DATETIME) dimension_payment_details.sql 0.0s dimension_payment_details Table CREATED
2020-07-20 12:56:51,167 - 8940 INFO - create table if not exists dimension_payment_details(FEE_ID VARCHAR(10) NOT NULL PRIMARY KEY,
                        FEES   BIGINT,
                        FEES_TYPE  VARCHAR(15),
                        PAYMENT_START_DATE DATETIME,
                        PAYMENT_END_DATE   DATETIME) dimension_payment_details.sql 0.0s dimension_payment_details Table CREATED
2020-07-20 12:56:51,167 - 8940 INFO - create table if not exists dimension_payment_details(FEE_ID VARCHAR(10) NOT NULL PRIMARY KEY,
                        FEES   BIGINT,
                        FEES_TYPE  VARCHAR(15),
                        PAYMENT_START_DATE DATETIME,
                        PAYMENT_END_DATE   DATETIME) dimension_payment_details.sql 0.0s dimension_payment_details Table CREATED
2020-07-20 12:56:51,167 - 8940 INFO - create table if not exists dimension_payment_details(FEE_ID VARCHAR(10) NOT NULL PRIMARY KEY,
                        FEES   BIGINT,
                        FEES_TYPE  VARCHAR(15),
                        PAYMENT_START_DATE DATETIME,
                        PAYMENT_END_DATE   DATETIME) dimension_payment_details.sql 0.0s dimension_payment_details Table CREATED
2020-07-20 12:56:51,167 - 8940 INFO - create table if not exists dimension_payment_details(FEE_ID VARCHAR(10) NOT NULL PRIMARY KEY,
                        FEES   BIGINT,
                        FEES_TYPE  VARCHAR(15),
                        PAYMENT_START_DATE DATETIME,
                        PAYMENT_END_DATE   DATETIME) dimension_payment_details.sql 0.0s dimension_payment_details Table CREATED
2020-07-20 12:56:51,167 - 8940 INFO - create table if not exists dimension_payment_details(FEE_ID VARCHAR(10) NOT NULL PRIMARY KEY,
                        FEES   BIGINT,
                        FEES_TYPE  VARCHAR(15),
                        PAYMENT_START_DATE DATETIME,
                        PAYMENT_END_DATE   DATETIME) dimension_payment_details.sql 0.0s dimension_payment_details Table CREATED
2020-07-20 12:56:51,167 - 8940 INFO - create table if not exists dimension_payment_details(FEE_ID VARCHAR(10) NOT NULL PRIMARY KEY,
                        FEES   BIGINT,
                        FEES_TYPE  VARCHAR(15),
                        PAYMENT_START_DATE DATETIME,
                        PAYMENT_END_DATE   DATETIME) dimension_payment_details.sql 0.0s dimension_payment_details Table CREATED
2020-07-20 12:56:51,167 - 8940 INFO - create table if not exists dimension_payment_details(FEE_ID VARCHAR(10) NOT NULL PRIMARY KEY,
                        FEES   BIGINT,
                        FEES_TYPE  VARCHAR(15),
                        PAYMENT_START_DATE DATETIME,
                        PAYMENT_END_DATE   DATETIME) dimension_payment_details.sql 0.0s dimension_payment_details Table CREATED
2020-07-20 12:56:51,214 - 8940 INFO - create table if not exists dimension_placement_details(COMPANY_ID VARCHAR(9) NOT NULL PRIMARY KEY,
                        COMPANY_NAME    VARCHAR(15),
                        PLACEMENT_VENUE VARCHAR(50),
                        PLACEMENT_DATE  DATE,
                        PLACEMENT_START_DATE DATETIME,
                        PLACEMENT_END_DATE   DATETIME) dimension_placement_details.sql 0.0s dimension_placement_details Table CREATED
2020-07-20 12:56:51,214 - 8940 INFO - create table if not exists dimension_placement_details(COMPANY_ID VARCHAR(9) NOT NULL PRIMARY KEY,
                        COMPANY_NAME    VARCHAR(15),
                        PLACEMENT_VENUE VARCHAR(50),
                        PLACEMENT_DATE  DATE,
                        PLACEMENT_START_DATE DATETIME,
                        PLACEMENT_END_DATE   DATETIME) dimension_placement_details.sql 0.0s dimension_placement_details Table CREATED
2020-07-20 12:56:51,214 - 8940 INFO - create table if not exists dimension_placement_details(COMPANY_ID VARCHAR(9) NOT NULL PRIMARY KEY,
                        COMPANY_NAME    VARCHAR(15),
                        PLACEMENT_VENUE VARCHAR(50),
                        PLACEMENT_DATE  DATE,
                        PLACEMENT_START_DATE DATETIME,
                        PLACEMENT_END_DATE   DATETIME) dimension_placement_details.sql 0.0s dimension_placement_details Table CREATED
2020-07-20 12:56:51,214 - 8940 INFO - create table if not exists dimension_placement_details(COMPANY_ID VARCHAR(9) NOT NULL PRIMARY KEY,
                        COMPANY_NAME    VARCHAR(15),
                        PLACEMENT_VENUE VARCHAR(50),
                        PLACEMENT_DATE  DATE,
                        PLACEMENT_START_DATE DATETIME,
                        PLACEMENT_END_DATE   DATETIME) dimension_placement_details.sql 0.0s dimension_placement_details Table CREATED
2020-07-20 12:56:51,214 - 8940 INFO - create table if not exists dimension_placement_details(COMPANY_ID VARCHAR(9) NOT NULL PRIMARY KEY,
                        COMPANY_NAME    VARCHAR(15),
                        PLACEMENT_VENUE VARCHAR(50),
                        PLACEMENT_DATE  DATE,
                        PLACEMENT_START_DATE DATETIME,
                        PLACEMENT_END_DATE   DATETIME) dimension_placement_details.sql 0.0s dimension_placement_details Table CREATED
2020-07-20 12:56:51,214 - 8940 INFO - create table if not exists dimension_placement_details(COMPANY_ID VARCHAR(9) NOT NULL PRIMARY KEY,
                        COMPANY_NAME    VARCHAR(15),
                        PLACEMENT_VENUE VARCHAR(50),
                        PLACEMENT_DATE  DATE,
                        PLACEMENT_START_DATE DATETIME,
                        PLACEMENT_END_DATE   DATETIME) dimension_placement_details.sql 0.0s dimension_placement_details Table CREATED
2020-07-20 12:56:51,214 - 8940 INFO - create table if not exists dimension_placement_details(COMPANY_ID VARCHAR(9) NOT NULL PRIMARY KEY,
                        COMPANY_NAME    VARCHAR(15),
                        PLACEMENT_VENUE VARCHAR(50),
                        PLACEMENT_DATE  DATE,
                        PLACEMENT_START_DATE DATETIME,
                        PLACEMENT_END_DATE   DATETIME) dimension_placement_details.sql 0.0s dimension_placement_details Table CREATED
2020-07-20 12:56:51,214 - 8940 INFO - create table if not exists dimension_placement_details(COMPANY_ID VARCHAR(9) NOT NULL PRIMARY KEY,
                        COMPANY_NAME    VARCHAR(15),
                        PLACEMENT_VENUE VARCHAR(50),
                        PLACEMENT_DATE  DATE,
                        PLACEMENT_START_DATE DATETIME,
                        PLACEMENT_END_DATE   DATETIME) dimension_placement_details.sql 0.0s dimension_placement_details Table CREATED
2020-07-20 12:56:51,214 - 8940 INFO - create table if not exists dimension_placement_details(COMPANY_ID VARCHAR(9) NOT NULL PRIMARY KEY,
                        COMPANY_NAME    VARCHAR(15),
                        PLACEMENT_VENUE VARCHAR(50),
                        PLACEMENT_DATE  DATE,
                        PLACEMENT_START_DATE DATETIME,
                        PLACEMENT_END_DATE   DATETIME) dimension_placement_details.sql 0.0s dimension_placement_details Table CREATED
2020-07-20 12:56:51,258 - 8940 INFO - create table if not exists dimension_staff_details(STAFF_ID VARCHAR(9) NOT NULL PRIMARY KEY,
                        STAFF_NAME VARCHAR(25),
                        STAFF_DOJ   DATE,
                        STAFF_START_DATE DATETIME,
                        STAFF_END_DATE   DATETIME) dimension_staff_details.sql 0.0s dimension_staff_details Table CREATED
2020-07-20 12:56:51,258 - 8940 INFO - create table if not exists dimension_staff_details(STAFF_ID VARCHAR(9) NOT NULL PRIMARY KEY,
                        STAFF_NAME VARCHAR(25),
                        STAFF_DOJ   DATE,
                        STAFF_START_DATE DATETIME,
                        STAFF_END_DATE   DATETIME) dimension_staff_details.sql 0.0s dimension_staff_details Table CREATED
2020-07-20 12:56:51,258 - 8940 INFO - create table if not exists dimension_staff_details(STAFF_ID VARCHAR(9) NOT NULL PRIMARY KEY,
                        STAFF_NAME VARCHAR(25),
                        STAFF_DOJ   DATE,
                        STAFF_START_DATE DATETIME,
                        STAFF_END_DATE   DATETIME) dimension_staff_details.sql 0.0s dimension_staff_details Table CREATED
2020-07-20 12:56:51,258 - 8940 INFO - create table if not exists dimension_staff_details(STAFF_ID VARCHAR(9) NOT NULL PRIMARY KEY,
                        STAFF_NAME VARCHAR(25),
                        STAFF_DOJ   DATE,
                        STAFF_START_DATE DATETIME,
                        STAFF_END_DATE   DATETIME) dimension_staff_details.sql 0.0s dimension_staff_details Table CREATED
2020-07-20 12:56:51,258 - 8940 INFO - create table if not exists dimension_staff_details(STAFF_ID VARCHAR(9) NOT NULL PRIMARY KEY,
                        STAFF_NAME VARCHAR(25),
                        STAFF_DOJ   DATE,
                        STAFF_START_DATE DATETIME,
                        STAFF_END_DATE   DATETIME) dimension_staff_details.sql 0.0s dimension_staff_details Table CREATED
2020-07-20 12:56:51,258 - 8940 INFO - create table if not exists dimension_staff_details(STAFF_ID VARCHAR(9) NOT NULL PRIMARY KEY,
                        STAFF_NAME VARCHAR(25),
                        STAFF_DOJ   DATE,
                        STAFF_START_DATE DATETIME,
                        STAFF_END_DATE   DATETIME) dimension_staff_details.sql 0.0s dimension_staff_details Table CREATED
2020-07-20 12:56:51,258 - 8940 INFO - create table if not exists dimension_staff_details(STAFF_ID VARCHAR(9) NOT NULL PRIMARY KEY,
                        STAFF_NAME VARCHAR(25),
                        STAFF_DOJ   DATE,
                        STAFF_START_DATE DATETIME,
                        STAFF_END_DATE   DATETIME) dimension_staff_details.sql 0.0s dimension_staff_details Table CREATED
2020-07-20 12:56:51,258 - 8940 INFO - create table if not exists dimension_staff_details(STAFF_ID VARCHAR(9) NOT NULL PRIMARY KEY,
                        STAFF_NAME VARCHAR(25),
                        STAFF_DOJ   DATE,
                        STAFF_START_DATE DATETIME,
                        STAFF_END_DATE   DATETIME) dimension_staff_details.sql 0.0s dimension_staff_details Table CREATED
2020-07-20 12:56:51,258 - 8940 INFO - create table if not exists dimension_staff_details(STAFF_ID VARCHAR(9) NOT NULL PRIMARY KEY,
                        STAFF_NAME VARCHAR(25),
                        STAFF_DOJ   DATE,
                        STAFF_START_DATE DATETIME,
                        STAFF_END_DATE   DATETIME) dimension_staff_details.sql 0.0s dimension_staff_details Table CREATED
2020-07-20 12:56:51,258 - 8940 INFO - create table if not exists dimension_staff_details(STAFF_ID VARCHAR(9) NOT NULL PRIMARY KEY,
                        STAFF_NAME VARCHAR(25),
                        STAFF_DOJ   DATE,
                        STAFF_START_DATE DATETIME,
                        STAFF_END_DATE   DATETIME) dimension_staff_details.sql 0.0s dimension_staff_details Table CREATED
2020-07-20 12:56:51,307 - 8940 INFO - create table if not exists fact_academics(STUDENT_ID BIGINT NOT NULL,
                     DEGREE_ID  BIGINT,
                     EXAM_ID    INT,
                     MARKS  INT,
                     COURSE_ID  VARCHAR(9),
                     GRADE_ID   CHAR(2),
                     ACADEMICS_START_DATE DATETIME,
                     ACADEMICS_END_DATE   DATETIME,
					 FOREIGN KEY (STUDENT_ID) REFERENCES details_main (STUDENT_ID),
					 FOREIGN KEY(DEGREE_ID) REFERENCES dimension_degree_details(DEGREE_ID),
					 FOREIGN KEY(COURSE_ID) REFERENCES dimension_course_details(COURSE_ID),
					 FOREIGN KEY(EXAM_ID) REFERENCES dimension_exam_details(EXAM_ID),
					 FOREIGN KEY(GRADE_ID) REFERENCES dimension_grade_details(GRADE_ID)) fact_academics.sql 0.01s fact_academics Table CREATED
2020-07-20 12:56:51,307 - 8940 INFO - create table if not exists fact_academics(STUDENT_ID BIGINT NOT NULL,
                     DEGREE_ID  BIGINT,
                     EXAM_ID    INT,
                     MARKS  INT,
                     COURSE_ID  VARCHAR(9),
                     GRADE_ID   CHAR(2),
                     ACADEMICS_START_DATE DATETIME,
                     ACADEMICS_END_DATE   DATETIME,
					 FOREIGN KEY (STUDENT_ID) REFERENCES details_main (STUDENT_ID),
					 FOREIGN KEY(DEGREE_ID) REFERENCES dimension_degree_details(DEGREE_ID),
					 FOREIGN KEY(COURSE_ID) REFERENCES dimension_course_details(COURSE_ID),
					 FOREIGN KEY(EXAM_ID) REFERENCES dimension_exam_details(EXAM_ID),
					 FOREIGN KEY(GRADE_ID) REFERENCES dimension_grade_details(GRADE_ID)) fact_academics.sql 0.01s fact_academics Table CREATED
2020-07-20 12:56:51,307 - 8940 INFO - create table if not exists fact_academics(STUDENT_ID BIGINT NOT NULL,
                     DEGREE_ID  BIGINT,
                     EXAM_ID    INT,
                     MARKS  INT,
                     COURSE_ID  VARCHAR(9),
                     GRADE_ID   CHAR(2),
                     ACADEMICS_START_DATE DATETIME,
                     ACADEMICS_END_DATE   DATETIME,
					 FOREIGN KEY (STUDENT_ID) REFERENCES details_main (STUDENT_ID),
					 FOREIGN KEY(DEGREE_ID) REFERENCES dimension_degree_details(DEGREE_ID),
					 FOREIGN KEY(COURSE_ID) REFERENCES dimension_course_details(COURSE_ID),
					 FOREIGN KEY(EXAM_ID) REFERENCES dimension_exam_details(EXAM_ID),
					 FOREIGN KEY(GRADE_ID) REFERENCES dimension_grade_details(GRADE_ID)) fact_academics.sql 0.01s fact_academics Table CREATED
2020-07-20 12:56:51,307 - 8940 INFO - create table if not exists fact_academics(STUDENT_ID BIGINT NOT NULL,
                     DEGREE_ID  BIGINT,
                     EXAM_ID    INT,
                     MARKS  INT,
                     COURSE_ID  VARCHAR(9),
                     GRADE_ID   CHAR(2),
                     ACADEMICS_START_DATE DATETIME,
                     ACADEMICS_END_DATE   DATETIME,
					 FOREIGN KEY (STUDENT_ID) REFERENCES details_main (STUDENT_ID),
					 FOREIGN KEY(DEGREE_ID) REFERENCES dimension_degree_details(DEGREE_ID),
					 FOREIGN KEY(COURSE_ID) REFERENCES dimension_course_details(COURSE_ID),
					 FOREIGN KEY(EXAM_ID) REFERENCES dimension_exam_details(EXAM_ID),
					 FOREIGN KEY(GRADE_ID) REFERENCES dimension_grade_details(GRADE_ID)) fact_academics.sql 0.01s fact_academics Table CREATED
2020-07-20 12:56:51,307 - 8940 INFO - create table if not exists fact_academics(STUDENT_ID BIGINT NOT NULL,
                     DEGREE_ID  BIGINT,
                     EXAM_ID    INT,
                     MARKS  INT,
                     COURSE_ID  VARCHAR(9),
                     GRADE_ID   CHAR(2),
                     ACADEMICS_START_DATE DATETIME,
                     ACADEMICS_END_DATE   DATETIME,
					 FOREIGN KEY (STUDENT_ID) REFERENCES details_main (STUDENT_ID),
					 FOREIGN KEY(DEGREE_ID) REFERENCES dimension_degree_details(DEGREE_ID),
					 FOREIGN KEY(COURSE_ID) REFERENCES dimension_course_details(COURSE_ID),
					 FOREIGN KEY(EXAM_ID) REFERENCES dimension_exam_details(EXAM_ID),
					 FOREIGN KEY(GRADE_ID) REFERENCES dimension_grade_details(GRADE_ID)) fact_academics.sql 0.01s fact_academics Table CREATED
2020-07-20 12:56:51,307 - 8940 INFO - create table if not exists fact_academics(STUDENT_ID BIGINT NOT NULL,
                     DEGREE_ID  BIGINT,
                     EXAM_ID    INT,
                     MARKS  INT,
                     COURSE_ID  VARCHAR(9),
                     GRADE_ID   CHAR(2),
                     ACADEMICS_START_DATE DATETIME,
                     ACADEMICS_END_DATE   DATETIME,
					 FOREIGN KEY (STUDENT_ID) REFERENCES details_main (STUDENT_ID),
					 FOREIGN KEY(DEGREE_ID) REFERENCES dimension_degree_details(DEGREE_ID),
					 FOREIGN KEY(COURSE_ID) REFERENCES dimension_course_details(COURSE_ID),
					 FOREIGN KEY(EXAM_ID) REFERENCES dimension_exam_details(EXAM_ID),
					 FOREIGN KEY(GRADE_ID) REFERENCES dimension_grade_details(GRADE_ID)) fact_academics.sql 0.01s fact_academics Table CREATED
2020-07-20 12:56:51,307 - 8940 INFO - create table if not exists fact_academics(STUDENT_ID BIGINT NOT NULL,
                     DEGREE_ID  BIGINT,
                     EXAM_ID    INT,
                     MARKS  INT,
                     COURSE_ID  VARCHAR(9),
                     GRADE_ID   CHAR(2),
                     ACADEMICS_START_DATE DATETIME,
                     ACADEMICS_END_DATE   DATETIME,
					 FOREIGN KEY (STUDENT_ID) REFERENCES details_main (STUDENT_ID),
					 FOREIGN KEY(DEGREE_ID) REFERENCES dimension_degree_details(DEGREE_ID),
					 FOREIGN KEY(COURSE_ID) REFERENCES dimension_course_details(COURSE_ID),
					 FOREIGN KEY(EXAM_ID) REFERENCES dimension_exam_details(EXAM_ID),
					 FOREIGN KEY(GRADE_ID) REFERENCES dimension_grade_details(GRADE_ID)) fact_academics.sql 0.01s fact_academics Table CREATED
2020-07-20 12:56:51,307 - 8940 INFO - create table if not exists fact_academics(STUDENT_ID BIGINT NOT NULL,
                     DEGREE_ID  BIGINT,
                     EXAM_ID    INT,
                     MARKS  INT,
                     COURSE_ID  VARCHAR(9),
                     GRADE_ID   CHAR(2),
                     ACADEMICS_START_DATE DATETIME,
                     ACADEMICS_END_DATE   DATETIME,
					 FOREIGN KEY (STUDENT_ID) REFERENCES details_main (STUDENT_ID),
					 FOREIGN KEY(DEGREE_ID) REFERENCES dimension_degree_details(DEGREE_ID),
					 FOREIGN KEY(COURSE_ID) REFERENCES dimension_course_details(COURSE_ID),
					 FOREIGN KEY(EXAM_ID) REFERENCES dimension_exam_details(EXAM_ID),
					 FOREIGN KEY(GRADE_ID) REFERENCES dimension_grade_details(GRADE_ID)) fact_academics.sql 0.01s fact_academics Table CREATED
2020-07-20 12:56:51,307 - 8940 INFO - create table if not exists fact_academics(STUDENT_ID BIGINT NOT NULL,
                     DEGREE_ID  BIGINT,
                     EXAM_ID    INT,
                     MARKS  INT,
                     COURSE_ID  VARCHAR(9),
                     GRADE_ID   CHAR(2),
                     ACADEMICS_START_DATE DATETIME,
                     ACADEMICS_END_DATE   DATETIME,
					 FOREIGN KEY (STUDENT_ID) REFERENCES details_main (STUDENT_ID),
					 FOREIGN KEY(DEGREE_ID) REFERENCES dimension_degree_details(DEGREE_ID),
					 FOREIGN KEY(COURSE_ID) REFERENCES dimension_course_details(COURSE_ID),
					 FOREIGN KEY(EXAM_ID) REFERENCES dimension_exam_details(EXAM_ID),
					 FOREIGN KEY(GRADE_ID) REFERENCES dimension_grade_details(GRADE_ID)) fact_academics.sql 0.01s fact_academics Table CREATED
2020-07-20 12:56:51,307 - 8940 INFO - create table if not exists fact_academics(STUDENT_ID BIGINT NOT NULL,
                     DEGREE_ID  BIGINT,
                     EXAM_ID    INT,
                     MARKS  INT,
                     COURSE_ID  VARCHAR(9),
                     GRADE_ID   CHAR(2),
                     ACADEMICS_START_DATE DATETIME,
                     ACADEMICS_END_DATE   DATETIME,
					 FOREIGN KEY (STUDENT_ID) REFERENCES details_main (STUDENT_ID),
					 FOREIGN KEY(DEGREE_ID) REFERENCES dimension_degree_details(DEGREE_ID),
					 FOREIGN KEY(COURSE_ID) REFERENCES dimension_course_details(COURSE_ID),
					 FOREIGN KEY(EXAM_ID) REFERENCES dimension_exam_details(EXAM_ID),
					 FOREIGN KEY(GRADE_ID) REFERENCES dimension_grade_details(GRADE_ID)) fact_academics.sql 0.01s fact_academics Table CREATED
2020-07-20 12:56:51,307 - 8940 INFO - create table if not exists fact_academics(STUDENT_ID BIGINT NOT NULL,
                     DEGREE_ID  BIGINT,
                     EXAM_ID    INT,
                     MARKS  INT,
                     COURSE_ID  VARCHAR(9),
                     GRADE_ID   CHAR(2),
                     ACADEMICS_START_DATE DATETIME,
                     ACADEMICS_END_DATE   DATETIME,
					 FOREIGN KEY (STUDENT_ID) REFERENCES details_main (STUDENT_ID),
					 FOREIGN KEY(DEGREE_ID) REFERENCES dimension_degree_details(DEGREE_ID),
					 FOREIGN KEY(COURSE_ID) REFERENCES dimension_course_details(COURSE_ID),
					 FOREIGN KEY(EXAM_ID) REFERENCES dimension_exam_details(EXAM_ID),
					 FOREIGN KEY(GRADE_ID) REFERENCES dimension_grade_details(GRADE_ID)) fact_academics.sql 0.01s fact_academics Table CREATED
2020-07-20 12:56:51,353 - 8940 INFO - create table if not exists fact_attendence(STUDENT_ID BIGINT NOT NULL,
                     TIME_ID    VARCHAR(5),
                     CURDATE    DATE,
                     COURSE_ID  VARCHAR(9),
                     STAFF_ID   VARCHAR(9),
                     ATTENDENCE VARCHAR(5),
                     ATTENDENCE_START_DATE DATETIME,
                     ATTENDENCE_END_DATE   DATETIME,
					 FOREIGN KEY(COURSE_ID) REFERENCES dimension_course_details(COURSE_ID),
					 FOREIGN KEY(STUDENT_ID) REFERENCES details_main (STUDENT_ID),
					 FOREIGN KEY(STAFF_ID) REFERENCES dimension_staff_details(STAFF_ID)) fact_attendence.sql 0.01s fact_attendence Table CREATED
2020-07-20 12:56:51,353 - 8940 INFO - create table if not exists fact_attendence(STUDENT_ID BIGINT NOT NULL,
                     TIME_ID    VARCHAR(5),
                     CURDATE    DATE,
                     COURSE_ID  VARCHAR(9),
                     STAFF_ID   VARCHAR(9),
                     ATTENDENCE VARCHAR(5),
                     ATTENDENCE_START_DATE DATETIME,
                     ATTENDENCE_END_DATE   DATETIME,
					 FOREIGN KEY(COURSE_ID) REFERENCES dimension_course_details(COURSE_ID),
					 FOREIGN KEY(STUDENT_ID) REFERENCES details_main (STUDENT_ID),
					 FOREIGN KEY(STAFF_ID) REFERENCES dimension_staff_details(STAFF_ID)) fact_attendence.sql 0.01s fact_attendence Table CREATED
2020-07-20 12:56:51,353 - 8940 INFO - create table if not exists fact_attendence(STUDENT_ID BIGINT NOT NULL,
                     TIME_ID    VARCHAR(5),
                     CURDATE    DATE,
                     COURSE_ID  VARCHAR(9),
                     STAFF_ID   VARCHAR(9),
                     ATTENDENCE VARCHAR(5),
                     ATTENDENCE_START_DATE DATETIME,
                     ATTENDENCE_END_DATE   DATETIME,
					 FOREIGN KEY(COURSE_ID) REFERENCES dimension_course_details(COURSE_ID),
					 FOREIGN KEY(STUDENT_ID) REFERENCES details_main (STUDENT_ID),
					 FOREIGN KEY(STAFF_ID) REFERENCES dimension_staff_details(STAFF_ID)) fact_attendence.sql 0.01s fact_attendence Table CREATED
2020-07-20 12:56:51,353 - 8940 INFO - create table if not exists fact_attendence(STUDENT_ID BIGINT NOT NULL,
                     TIME_ID    VARCHAR(5),
                     CURDATE    DATE,
                     COURSE_ID  VARCHAR(9),
                     STAFF_ID   VARCHAR(9),
                     ATTENDENCE VARCHAR(5),
                     ATTENDENCE_START_DATE DATETIME,
                     ATTENDENCE_END_DATE   DATETIME,
					 FOREIGN KEY(COURSE_ID) REFERENCES dimension_course_details(COURSE_ID),
					 FOREIGN KEY(STUDENT_ID) REFERENCES details_main (STUDENT_ID),
					 FOREIGN KEY(STAFF_ID) REFERENCES dimension_staff_details(STAFF_ID)) fact_attendence.sql 0.01s fact_attendence Table CREATED
2020-07-20 12:56:51,353 - 8940 INFO - create table if not exists fact_attendence(STUDENT_ID BIGINT NOT NULL,
                     TIME_ID    VARCHAR(5),
                     CURDATE    DATE,
                     COURSE_ID  VARCHAR(9),
                     STAFF_ID   VARCHAR(9),
                     ATTENDENCE VARCHAR(5),
                     ATTENDENCE_START_DATE DATETIME,
                     ATTENDENCE_END_DATE   DATETIME,
					 FOREIGN KEY(COURSE_ID) REFERENCES dimension_course_details(COURSE_ID),
					 FOREIGN KEY(STUDENT_ID) REFERENCES details_main (STUDENT_ID),
					 FOREIGN KEY(STAFF_ID) REFERENCES dimension_staff_details(STAFF_ID)) fact_attendence.sql 0.01s fact_attendence Table CREATED
2020-07-20 12:56:51,353 - 8940 INFO - create table if not exists fact_attendence(STUDENT_ID BIGINT NOT NULL,
                     TIME_ID    VARCHAR(5),
                     CURDATE    DATE,
                     COURSE_ID  VARCHAR(9),
                     STAFF_ID   VARCHAR(9),
                     ATTENDENCE VARCHAR(5),
                     ATTENDENCE_START_DATE DATETIME,
                     ATTENDENCE_END_DATE   DATETIME,
					 FOREIGN KEY(COURSE_ID) REFERENCES dimension_course_details(COURSE_ID),
					 FOREIGN KEY(STUDENT_ID) REFERENCES details_main (STUDENT_ID),
					 FOREIGN KEY(STAFF_ID) REFERENCES dimension_staff_details(STAFF_ID)) fact_attendence.sql 0.01s fact_attendence Table CREATED
2020-07-20 12:56:51,353 - 8940 INFO - create table if not exists fact_attendence(STUDENT_ID BIGINT NOT NULL,
                     TIME_ID    VARCHAR(5),
                     CURDATE    DATE,
                     COURSE_ID  VARCHAR(9),
                     STAFF_ID   VARCHAR(9),
                     ATTENDENCE VARCHAR(5),
                     ATTENDENCE_START_DATE DATETIME,
                     ATTENDENCE_END_DATE   DATETIME,
					 FOREIGN KEY(COURSE_ID) REFERENCES dimension_course_details(COURSE_ID),
					 FOREIGN KEY(STUDENT_ID) REFERENCES details_main (STUDENT_ID),
					 FOREIGN KEY(STAFF_ID) REFERENCES dimension_staff_details(STAFF_ID)) fact_attendence.sql 0.01s fact_attendence Table CREATED
2020-07-20 12:56:51,353 - 8940 INFO - create table if not exists fact_attendence(STUDENT_ID BIGINT NOT NULL,
                     TIME_ID    VARCHAR(5),
                     CURDATE    DATE,
                     COURSE_ID  VARCHAR(9),
                     STAFF_ID   VARCHAR(9),
                     ATTENDENCE VARCHAR(5),
                     ATTENDENCE_START_DATE DATETIME,
                     ATTENDENCE_END_DATE   DATETIME,
					 FOREIGN KEY(COURSE_ID) REFERENCES dimension_course_details(COURSE_ID),
					 FOREIGN KEY(STUDENT_ID) REFERENCES details_main (STUDENT_ID),
					 FOREIGN KEY(STAFF_ID) REFERENCES dimension_staff_details(STAFF_ID)) fact_attendence.sql 0.01s fact_attendence Table CREATED
2020-07-20 12:56:51,353 - 8940 INFO - create table if not exists fact_attendence(STUDENT_ID BIGINT NOT NULL,
                     TIME_ID    VARCHAR(5),
                     CURDATE    DATE,
                     COURSE_ID  VARCHAR(9),
                     STAFF_ID   VARCHAR(9),
                     ATTENDENCE VARCHAR(5),
                     ATTENDENCE_START_DATE DATETIME,
                     ATTENDENCE_END_DATE   DATETIME,
					 FOREIGN KEY(COURSE_ID) REFERENCES dimension_course_details(COURSE_ID),
					 FOREIGN KEY(STUDENT_ID) REFERENCES details_main (STUDENT_ID),
					 FOREIGN KEY(STAFF_ID) REFERENCES dimension_staff_details(STAFF_ID)) fact_attendence.sql 0.01s fact_attendence Table CREATED
2020-07-20 12:56:51,353 - 8940 INFO - create table if not exists fact_attendence(STUDENT_ID BIGINT NOT NULL,
                     TIME_ID    VARCHAR(5),
                     CURDATE    DATE,
                     COURSE_ID  VARCHAR(9),
                     STAFF_ID   VARCHAR(9),
                     ATTENDENCE VARCHAR(5),
                     ATTENDENCE_START_DATE DATETIME,
                     ATTENDENCE_END_DATE   DATETIME,
					 FOREIGN KEY(COURSE_ID) REFERENCES dimension_course_details(COURSE_ID),
					 FOREIGN KEY(STUDENT_ID) REFERENCES details_main (STUDENT_ID),
					 FOREIGN KEY(STAFF_ID) REFERENCES dimension_staff_details(STAFF_ID)) fact_attendence.sql 0.01s fact_attendence Table CREATED
2020-07-20 12:56:51,353 - 8940 INFO - create table if not exists fact_attendence(STUDENT_ID BIGINT NOT NULL,
                     TIME_ID    VARCHAR(5),
                     CURDATE    DATE,
                     COURSE_ID  VARCHAR(9),
                     STAFF_ID   VARCHAR(9),
                     ATTENDENCE VARCHAR(5),
                     ATTENDENCE_START_DATE DATETIME,
                     ATTENDENCE_END_DATE   DATETIME,
					 FOREIGN KEY(COURSE_ID) REFERENCES dimension_course_details(COURSE_ID),
					 FOREIGN KEY(STUDENT_ID) REFERENCES details_main (STUDENT_ID),
					 FOREIGN KEY(STAFF_ID) REFERENCES dimension_staff_details(STAFF_ID)) fact_attendence.sql 0.01s fact_attendence Table CREATED
2020-07-20 12:56:51,353 - 8940 INFO - create table if not exists fact_attendence(STUDENT_ID BIGINT NOT NULL,
                     TIME_ID    VARCHAR(5),
                     CURDATE    DATE,
                     COURSE_ID  VARCHAR(9),
                     STAFF_ID   VARCHAR(9),
                     ATTENDENCE VARCHAR(5),
                     ATTENDENCE_START_DATE DATETIME,
                     ATTENDENCE_END_DATE   DATETIME,
					 FOREIGN KEY(COURSE_ID) REFERENCES dimension_course_details(COURSE_ID),
					 FOREIGN KEY(STUDENT_ID) REFERENCES details_main (STUDENT_ID),
					 FOREIGN KEY(STAFF_ID) REFERENCES dimension_staff_details(STAFF_ID)) fact_attendence.sql 0.01s fact_attendence Table CREATED
2020-07-20 12:56:51,403 - 8940 INFO - create table if not exists fact_payment(STUDENT_ID BIGINT NOT NULL,
                     FEE_ID    VARCHAR(10)   NOT NULL,
                     PAYMENT_ID VARCHAR(9),
                     PAYMENT_FACT_START_DATE DATETIME,
                     PAYMENT_FACT_END_DATE   DATETIME,
					 FOREIGN KEY (STUDENT_ID) REFERENCES details_main (STUDENT_ID),
					 FOREIGN KEY(FEE_ID) REFERENCES dimension_payment_details(FEE_ID)) fact_payment.sql 0.01s fact_payment Table CREATED
2020-07-20 12:56:51,403 - 8940 INFO - create table if not exists fact_payment(STUDENT_ID BIGINT NOT NULL,
                     FEE_ID    VARCHAR(10)   NOT NULL,
                     PAYMENT_ID VARCHAR(9),
                     PAYMENT_FACT_START_DATE DATETIME,
                     PAYMENT_FACT_END_DATE   DATETIME,
					 FOREIGN KEY (STUDENT_ID) REFERENCES details_main (STUDENT_ID),
					 FOREIGN KEY(FEE_ID) REFERENCES dimension_payment_details(FEE_ID)) fact_payment.sql 0.01s fact_payment Table CREATED
2020-07-20 12:56:51,403 - 8940 INFO - create table if not exists fact_payment(STUDENT_ID BIGINT NOT NULL,
                     FEE_ID    VARCHAR(10)   NOT NULL,
                     PAYMENT_ID VARCHAR(9),
                     PAYMENT_FACT_START_DATE DATETIME,
                     PAYMENT_FACT_END_DATE   DATETIME,
					 FOREIGN KEY (STUDENT_ID) REFERENCES details_main (STUDENT_ID),
					 FOREIGN KEY(FEE_ID) REFERENCES dimension_payment_details(FEE_ID)) fact_payment.sql 0.01s fact_payment Table CREATED
2020-07-20 12:56:51,403 - 8940 INFO - create table if not exists fact_payment(STUDENT_ID BIGINT NOT NULL,
                     FEE_ID    VARCHAR(10)   NOT NULL,
                     PAYMENT_ID VARCHAR(9),
                     PAYMENT_FACT_START_DATE DATETIME,
                     PAYMENT_FACT_END_DATE   DATETIME,
					 FOREIGN KEY (STUDENT_ID) REFERENCES details_main (STUDENT_ID),
					 FOREIGN KEY(FEE_ID) REFERENCES dimension_payment_details(FEE_ID)) fact_payment.sql 0.01s fact_payment Table CREATED
2020-07-20 12:56:51,403 - 8940 INFO - create table if not exists fact_payment(STUDENT_ID BIGINT NOT NULL,
                     FEE_ID    VARCHAR(10)   NOT NULL,
                     PAYMENT_ID VARCHAR(9),
                     PAYMENT_FACT_START_DATE DATETIME,
                     PAYMENT_FACT_END_DATE   DATETIME,
					 FOREIGN KEY (STUDENT_ID) REFERENCES details_main (STUDENT_ID),
					 FOREIGN KEY(FEE_ID) REFERENCES dimension_payment_details(FEE_ID)) fact_payment.sql 0.01s fact_payment Table CREATED
2020-07-20 12:56:51,403 - 8940 INFO - create table if not exists fact_payment(STUDENT_ID BIGINT NOT NULL,
                     FEE_ID    VARCHAR(10)   NOT NULL,
                     PAYMENT_ID VARCHAR(9),
                     PAYMENT_FACT_START_DATE DATETIME,
                     PAYMENT_FACT_END_DATE   DATETIME,
					 FOREIGN KEY (STUDENT_ID) REFERENCES details_main (STUDENT_ID),
					 FOREIGN KEY(FEE_ID) REFERENCES dimension_payment_details(FEE_ID)) fact_payment.sql 0.01s fact_payment Table CREATED
2020-07-20 12:56:51,403 - 8940 INFO - create table if not exists fact_payment(STUDENT_ID BIGINT NOT NULL,
                     FEE_ID    VARCHAR(10)   NOT NULL,
                     PAYMENT_ID VARCHAR(9),
                     PAYMENT_FACT_START_DATE DATETIME,
                     PAYMENT_FACT_END_DATE   DATETIME,
					 FOREIGN KEY (STUDENT_ID) REFERENCES details_main (STUDENT_ID),
					 FOREIGN KEY(FEE_ID) REFERENCES dimension_payment_details(FEE_ID)) fact_payment.sql 0.01s fact_payment Table CREATED
2020-07-20 12:56:51,403 - 8940 INFO - create table if not exists fact_payment(STUDENT_ID BIGINT NOT NULL,
                     FEE_ID    VARCHAR(10)   NOT NULL,
                     PAYMENT_ID VARCHAR(9),
                     PAYMENT_FACT_START_DATE DATETIME,
                     PAYMENT_FACT_END_DATE   DATETIME,
					 FOREIGN KEY (STUDENT_ID) REFERENCES details_main (STUDENT_ID),
					 FOREIGN KEY(FEE_ID) REFERENCES dimension_payment_details(FEE_ID)) fact_payment.sql 0.01s fact_payment Table CREATED
2020-07-20 12:56:51,403 - 8940 INFO - create table if not exists fact_payment(STUDENT_ID BIGINT NOT NULL,
                     FEE_ID    VARCHAR(10)   NOT NULL,
                     PAYMENT_ID VARCHAR(9),
                     PAYMENT_FACT_START_DATE DATETIME,
                     PAYMENT_FACT_END_DATE   DATETIME,
					 FOREIGN KEY (STUDENT_ID) REFERENCES details_main (STUDENT_ID),
					 FOREIGN KEY(FEE_ID) REFERENCES dimension_payment_details(FEE_ID)) fact_payment.sql 0.01s fact_payment Table CREATED
2020-07-20 12:56:51,403 - 8940 INFO - create table if not exists fact_payment(STUDENT_ID BIGINT NOT NULL,
                     FEE_ID    VARCHAR(10)   NOT NULL,
                     PAYMENT_ID VARCHAR(9),
                     PAYMENT_FACT_START_DATE DATETIME,
                     PAYMENT_FACT_END_DATE   DATETIME,
					 FOREIGN KEY (STUDENT_ID) REFERENCES details_main (STUDENT_ID),
					 FOREIGN KEY(FEE_ID) REFERENCES dimension_payment_details(FEE_ID)) fact_payment.sql 0.01s fact_payment Table CREATED
2020-07-20 12:56:51,403 - 8940 INFO - create table if not exists fact_payment(STUDENT_ID BIGINT NOT NULL,
                     FEE_ID    VARCHAR(10)   NOT NULL,
                     PAYMENT_ID VARCHAR(9),
                     PAYMENT_FACT_START_DATE DATETIME,
                     PAYMENT_FACT_END_DATE   DATETIME,
					 FOREIGN KEY (STUDENT_ID) REFERENCES details_main (STUDENT_ID),
					 FOREIGN KEY(FEE_ID) REFERENCES dimension_payment_details(FEE_ID)) fact_payment.sql 0.01s fact_payment Table CREATED
2020-07-20 12:56:51,403 - 8940 INFO - create table if not exists fact_payment(STUDENT_ID BIGINT NOT NULL,
                     FEE_ID    VARCHAR(10)   NOT NULL,
                     PAYMENT_ID VARCHAR(9),
                     PAYMENT_FACT_START_DATE DATETIME,
                     PAYMENT_FACT_END_DATE   DATETIME,
					 FOREIGN KEY (STUDENT_ID) REFERENCES details_main (STUDENT_ID),
					 FOREIGN KEY(FEE_ID) REFERENCES dimension_payment_details(FEE_ID)) fact_payment.sql 0.01s fact_payment Table CREATED
2020-07-20 12:56:51,403 - 8940 INFO - create table if not exists fact_payment(STUDENT_ID BIGINT NOT NULL,
                     FEE_ID    VARCHAR(10)   NOT NULL,
                     PAYMENT_ID VARCHAR(9),
                     PAYMENT_FACT_START_DATE DATETIME,
                     PAYMENT_FACT_END_DATE   DATETIME,
					 FOREIGN KEY (STUDENT_ID) REFERENCES details_main (STUDENT_ID),
					 FOREIGN KEY(FEE_ID) REFERENCES dimension_payment_details(FEE_ID)) fact_payment.sql 0.01s fact_payment Table CREATED
2020-07-20 12:56:51,456 - 8940 INFO - create table if not exists fact_placement(STUDENT_ID BIGINT NOT NULL,
                     DEP_ID    VARCHAR(9),
                     COMPANY_ID VARCHAR(9),
                     HIRED  VARCHAR(5),
                     PLACEMENT_FACT_START_DATE DATETIME,
                     PLACEMENT_FACT_END_DATE   DATETIME,
					 FOREIGN KEY(STUDENT_ID) REFERENCES details_main (STUDENT_ID),
					 FOREIGN KEY(DEP_ID) REFERENCES dimension_department_details(DEP_ID),
					 FOREIGN KEY(COMPANY_ID) REFERENCES dimension_placement_details(COMPANY_ID)) fact_placement.sql 0.0s fact_placement Table CREATED
2020-07-20 12:56:51,456 - 8940 INFO - create table if not exists fact_placement(STUDENT_ID BIGINT NOT NULL,
                     DEP_ID    VARCHAR(9),
                     COMPANY_ID VARCHAR(9),
                     HIRED  VARCHAR(5),
                     PLACEMENT_FACT_START_DATE DATETIME,
                     PLACEMENT_FACT_END_DATE   DATETIME,
					 FOREIGN KEY(STUDENT_ID) REFERENCES details_main (STUDENT_ID),
					 FOREIGN KEY(DEP_ID) REFERENCES dimension_department_details(DEP_ID),
					 FOREIGN KEY(COMPANY_ID) REFERENCES dimension_placement_details(COMPANY_ID)) fact_placement.sql 0.0s fact_placement Table CREATED
2020-07-20 12:56:51,456 - 8940 INFO - create table if not exists fact_placement(STUDENT_ID BIGINT NOT NULL,
                     DEP_ID    VARCHAR(9),
                     COMPANY_ID VARCHAR(9),
                     HIRED  VARCHAR(5),
                     PLACEMENT_FACT_START_DATE DATETIME,
                     PLACEMENT_FACT_END_DATE   DATETIME,
					 FOREIGN KEY(STUDENT_ID) REFERENCES details_main (STUDENT_ID),
					 FOREIGN KEY(DEP_ID) REFERENCES dimension_department_details(DEP_ID),
					 FOREIGN KEY(COMPANY_ID) REFERENCES dimension_placement_details(COMPANY_ID)) fact_placement.sql 0.0s fact_placement Table CREATED
2020-07-20 12:56:51,456 - 8940 INFO - create table if not exists fact_placement(STUDENT_ID BIGINT NOT NULL,
                     DEP_ID    VARCHAR(9),
                     COMPANY_ID VARCHAR(9),
                     HIRED  VARCHAR(5),
                     PLACEMENT_FACT_START_DATE DATETIME,
                     PLACEMENT_FACT_END_DATE   DATETIME,
					 FOREIGN KEY(STUDENT_ID) REFERENCES details_main (STUDENT_ID),
					 FOREIGN KEY(DEP_ID) REFERENCES dimension_department_details(DEP_ID),
					 FOREIGN KEY(COMPANY_ID) REFERENCES dimension_placement_details(COMPANY_ID)) fact_placement.sql 0.0s fact_placement Table CREATED
2020-07-20 12:56:51,456 - 8940 INFO - create table if not exists fact_placement(STUDENT_ID BIGINT NOT NULL,
                     DEP_ID    VARCHAR(9),
                     COMPANY_ID VARCHAR(9),
                     HIRED  VARCHAR(5),
                     PLACEMENT_FACT_START_DATE DATETIME,
                     PLACEMENT_FACT_END_DATE   DATETIME,
					 FOREIGN KEY(STUDENT_ID) REFERENCES details_main (STUDENT_ID),
					 FOREIGN KEY(DEP_ID) REFERENCES dimension_department_details(DEP_ID),
					 FOREIGN KEY(COMPANY_ID) REFERENCES dimension_placement_details(COMPANY_ID)) fact_placement.sql 0.0s fact_placement Table CREATED
2020-07-20 12:56:51,456 - 8940 INFO - create table if not exists fact_placement(STUDENT_ID BIGINT NOT NULL,
                     DEP_ID    VARCHAR(9),
                     COMPANY_ID VARCHAR(9),
                     HIRED  VARCHAR(5),
                     PLACEMENT_FACT_START_DATE DATETIME,
                     PLACEMENT_FACT_END_DATE   DATETIME,
					 FOREIGN KEY(STUDENT_ID) REFERENCES details_main (STUDENT_ID),
					 FOREIGN KEY(DEP_ID) REFERENCES dimension_department_details(DEP_ID),
					 FOREIGN KEY(COMPANY_ID) REFERENCES dimension_placement_details(COMPANY_ID)) fact_placement.sql 0.0s fact_placement Table CREATED
2020-07-20 12:56:51,456 - 8940 INFO - create table if not exists fact_placement(STUDENT_ID BIGINT NOT NULL,
                     DEP_ID    VARCHAR(9),
                     COMPANY_ID VARCHAR(9),
                     HIRED  VARCHAR(5),
                     PLACEMENT_FACT_START_DATE DATETIME,
                     PLACEMENT_FACT_END_DATE   DATETIME,
					 FOREIGN KEY(STUDENT_ID) REFERENCES details_main (STUDENT_ID),
					 FOREIGN KEY(DEP_ID) REFERENCES dimension_department_details(DEP_ID),
					 FOREIGN KEY(COMPANY_ID) REFERENCES dimension_placement_details(COMPANY_ID)) fact_placement.sql 0.0s fact_placement Table CREATED
2020-07-20 12:56:51,456 - 8940 INFO - create table if not exists fact_placement(STUDENT_ID BIGINT NOT NULL,
                     DEP_ID    VARCHAR(9),
                     COMPANY_ID VARCHAR(9),
                     HIRED  VARCHAR(5),
                     PLACEMENT_FACT_START_DATE DATETIME,
                     PLACEMENT_FACT_END_DATE   DATETIME,
					 FOREIGN KEY(STUDENT_ID) REFERENCES details_main (STUDENT_ID),
					 FOREIGN KEY(DEP_ID) REFERENCES dimension_department_details(DEP_ID),
					 FOREIGN KEY(COMPANY_ID) REFERENCES dimension_placement_details(COMPANY_ID)) fact_placement.sql 0.0s fact_placement Table CREATED
2020-07-20 12:56:51,456 - 8940 INFO - create table if not exists fact_placement(STUDENT_ID BIGINT NOT NULL,
                     DEP_ID    VARCHAR(9),
                     COMPANY_ID VARCHAR(9),
                     HIRED  VARCHAR(5),
                     PLACEMENT_FACT_START_DATE DATETIME,
                     PLACEMENT_FACT_END_DATE   DATETIME,
					 FOREIGN KEY(STUDENT_ID) REFERENCES details_main (STUDENT_ID),
					 FOREIGN KEY(DEP_ID) REFERENCES dimension_department_details(DEP_ID),
					 FOREIGN KEY(COMPANY_ID) REFERENCES dimension_placement_details(COMPANY_ID)) fact_placement.sql 0.0s fact_placement Table CREATED
2020-07-20 12:56:51,456 - 8940 INFO - create table if not exists fact_placement(STUDENT_ID BIGINT NOT NULL,
                     DEP_ID    VARCHAR(9),
                     COMPANY_ID VARCHAR(9),
                     HIRED  VARCHAR(5),
                     PLACEMENT_FACT_START_DATE DATETIME,
                     PLACEMENT_FACT_END_DATE   DATETIME,
					 FOREIGN KEY(STUDENT_ID) REFERENCES details_main (STUDENT_ID),
					 FOREIGN KEY(DEP_ID) REFERENCES dimension_department_details(DEP_ID),
					 FOREIGN KEY(COMPANY_ID) REFERENCES dimension_placement_details(COMPANY_ID)) fact_placement.sql 0.0s fact_placement Table CREATED
2020-07-20 12:56:51,456 - 8940 INFO - create table if not exists fact_placement(STUDENT_ID BIGINT NOT NULL,
                     DEP_ID    VARCHAR(9),
                     COMPANY_ID VARCHAR(9),
                     HIRED  VARCHAR(5),
                     PLACEMENT_FACT_START_DATE DATETIME,
                     PLACEMENT_FACT_END_DATE   DATETIME,
					 FOREIGN KEY(STUDENT_ID) REFERENCES details_main (STUDENT_ID),
					 FOREIGN KEY(DEP_ID) REFERENCES dimension_department_details(DEP_ID),
					 FOREIGN KEY(COMPANY_ID) REFERENCES dimension_placement_details(COMPANY_ID)) fact_placement.sql 0.0s fact_placement Table CREATED
2020-07-20 12:56:51,456 - 8940 INFO - create table if not exists fact_placement(STUDENT_ID BIGINT NOT NULL,
                     DEP_ID    VARCHAR(9),
                     COMPANY_ID VARCHAR(9),
                     HIRED  VARCHAR(5),
                     PLACEMENT_FACT_START_DATE DATETIME,
                     PLACEMENT_FACT_END_DATE   DATETIME,
					 FOREIGN KEY(STUDENT_ID) REFERENCES details_main (STUDENT_ID),
					 FOREIGN KEY(DEP_ID) REFERENCES dimension_department_details(DEP_ID),
					 FOREIGN KEY(COMPANY_ID) REFERENCES dimension_placement_details(COMPANY_ID)) fact_placement.sql 0.0s fact_placement Table CREATED
2020-07-20 12:56:51,456 - 8940 INFO - create table if not exists fact_placement(STUDENT_ID BIGINT NOT NULL,
                     DEP_ID    VARCHAR(9),
                     COMPANY_ID VARCHAR(9),
                     HIRED  VARCHAR(5),
                     PLACEMENT_FACT_START_DATE DATETIME,
                     PLACEMENT_FACT_END_DATE   DATETIME,
					 FOREIGN KEY(STUDENT_ID) REFERENCES details_main (STUDENT_ID),
					 FOREIGN KEY(DEP_ID) REFERENCES dimension_department_details(DEP_ID),
					 FOREIGN KEY(COMPANY_ID) REFERENCES dimension_placement_details(COMPANY_ID)) fact_placement.sql 0.0s fact_placement Table CREATED
2020-07-20 12:56:51,456 - 8940 INFO - create table if not exists fact_placement(STUDENT_ID BIGINT NOT NULL,
                     DEP_ID    VARCHAR(9),
                     COMPANY_ID VARCHAR(9),
                     HIRED  VARCHAR(5),
                     PLACEMENT_FACT_START_DATE DATETIME,
                     PLACEMENT_FACT_END_DATE   DATETIME,
					 FOREIGN KEY(STUDENT_ID) REFERENCES details_main (STUDENT_ID),
					 FOREIGN KEY(DEP_ID) REFERENCES dimension_department_details(DEP_ID),
					 FOREIGN KEY(COMPANY_ID) REFERENCES dimension_placement_details(COMPANY_ID)) fact_placement.sql 0.0s fact_placement Table CREATED
2020-07-20 12:56:51,501 - 8940 INFO - create table if not exists fact_student(STUDENT_ID BIGINT NOT NULL,
                     DEP_ID    VARCHAR(9)   NOT NULL,
                     COURSE_ID VARCHAR(9),
                     STAFF_ID   VARCHAR(9),
                     STUDENT_FACT_START_DATE DATETIME,
                     STUDENT_FACT_END_DATE   DATETIME,
					 FOREIGN KEY(DEP_ID) REFERENCES dimension_department_details(DEP_ID),
					 FOREIGN KEY(COURSE_ID) REFERENCES dimension_course_details(COURSE_ID),
					 FOREIGN KEY (STUDENT_ID) REFERENCES details_main(STUDENT_ID)) fact_student.sql 0.0s fact_student Table CREATED
2020-07-20 12:56:51,501 - 8940 INFO - create table if not exists fact_student(STUDENT_ID BIGINT NOT NULL,
                     DEP_ID    VARCHAR(9)   NOT NULL,
                     COURSE_ID VARCHAR(9),
                     STAFF_ID   VARCHAR(9),
                     STUDENT_FACT_START_DATE DATETIME,
                     STUDENT_FACT_END_DATE   DATETIME,
					 FOREIGN KEY(DEP_ID) REFERENCES dimension_department_details(DEP_ID),
					 FOREIGN KEY(COURSE_ID) REFERENCES dimension_course_details(COURSE_ID),
					 FOREIGN KEY (STUDENT_ID) REFERENCES details_main(STUDENT_ID)) fact_student.sql 0.0s fact_student Table CREATED
2020-07-20 12:56:51,501 - 8940 INFO - create table if not exists fact_student(STUDENT_ID BIGINT NOT NULL,
                     DEP_ID    VARCHAR(9)   NOT NULL,
                     COURSE_ID VARCHAR(9),
                     STAFF_ID   VARCHAR(9),
                     STUDENT_FACT_START_DATE DATETIME,
                     STUDENT_FACT_END_DATE   DATETIME,
					 FOREIGN KEY(DEP_ID) REFERENCES dimension_department_details(DEP_ID),
					 FOREIGN KEY(COURSE_ID) REFERENCES dimension_course_details(COURSE_ID),
					 FOREIGN KEY (STUDENT_ID) REFERENCES details_main(STUDENT_ID)) fact_student.sql 0.0s fact_student Table CREATED
2020-07-20 12:56:51,501 - 8940 INFO - create table if not exists fact_student(STUDENT_ID BIGINT NOT NULL,
                     DEP_ID    VARCHAR(9)   NOT NULL,
                     COURSE_ID VARCHAR(9),
                     STAFF_ID   VARCHAR(9),
                     STUDENT_FACT_START_DATE DATETIME,
                     STUDENT_FACT_END_DATE   DATETIME,
					 FOREIGN KEY(DEP_ID) REFERENCES dimension_department_details(DEP_ID),
					 FOREIGN KEY(COURSE_ID) REFERENCES dimension_course_details(COURSE_ID),
					 FOREIGN KEY (STUDENT_ID) REFERENCES details_main(STUDENT_ID)) fact_student.sql 0.0s fact_student Table CREATED
2020-07-20 12:56:51,501 - 8940 INFO - create table if not exists fact_student(STUDENT_ID BIGINT NOT NULL,
                     DEP_ID    VARCHAR(9)   NOT NULL,
                     COURSE_ID VARCHAR(9),
                     STAFF_ID   VARCHAR(9),
                     STUDENT_FACT_START_DATE DATETIME,
                     STUDENT_FACT_END_DATE   DATETIME,
					 FOREIGN KEY(DEP_ID) REFERENCES dimension_department_details(DEP_ID),
					 FOREIGN KEY(COURSE_ID) REFERENCES dimension_course_details(COURSE_ID),
					 FOREIGN KEY (STUDENT_ID) REFERENCES details_main(STUDENT_ID)) fact_student.sql 0.0s fact_student Table CREATED
2020-07-20 12:56:51,501 - 8940 INFO - create table if not exists fact_student(STUDENT_ID BIGINT NOT NULL,
                     DEP_ID    VARCHAR(9)   NOT NULL,
                     COURSE_ID VARCHAR(9),
                     STAFF_ID   VARCHAR(9),
                     STUDENT_FACT_START_DATE DATETIME,
                     STUDENT_FACT_END_DATE   DATETIME,
					 FOREIGN KEY(DEP_ID) REFERENCES dimension_department_details(DEP_ID),
					 FOREIGN KEY(COURSE_ID) REFERENCES dimension_course_details(COURSE_ID),
					 FOREIGN KEY (STUDENT_ID) REFERENCES details_main(STUDENT_ID)) fact_student.sql 0.0s fact_student Table CREATED
2020-07-20 12:56:51,501 - 8940 INFO - create table if not exists fact_student(STUDENT_ID BIGINT NOT NULL,
                     DEP_ID    VARCHAR(9)   NOT NULL,
                     COURSE_ID VARCHAR(9),
                     STAFF_ID   VARCHAR(9),
                     STUDENT_FACT_START_DATE DATETIME,
                     STUDENT_FACT_END_DATE   DATETIME,
					 FOREIGN KEY(DEP_ID) REFERENCES dimension_department_details(DEP_ID),
					 FOREIGN KEY(COURSE_ID) REFERENCES dimension_course_details(COURSE_ID),
					 FOREIGN KEY (STUDENT_ID) REFERENCES details_main(STUDENT_ID)) fact_student.sql 0.0s fact_student Table CREATED
2020-07-20 12:56:51,501 - 8940 INFO - create table if not exists fact_student(STUDENT_ID BIGINT NOT NULL,
                     DEP_ID    VARCHAR(9)   NOT NULL,
                     COURSE_ID VARCHAR(9),
                     STAFF_ID   VARCHAR(9),
                     STUDENT_FACT_START_DATE DATETIME,
                     STUDENT_FACT_END_DATE   DATETIME,
					 FOREIGN KEY(DEP_ID) REFERENCES dimension_department_details(DEP_ID),
					 FOREIGN KEY(COURSE_ID) REFERENCES dimension_course_details(COURSE_ID),
					 FOREIGN KEY (STUDENT_ID) REFERENCES details_main(STUDENT_ID)) fact_student.sql 0.0s fact_student Table CREATED
2020-07-20 12:56:51,501 - 8940 INFO - create table if not exists fact_student(STUDENT_ID BIGINT NOT NULL,
                     DEP_ID    VARCHAR(9)   NOT NULL,
                     COURSE_ID VARCHAR(9),
                     STAFF_ID   VARCHAR(9),
                     STUDENT_FACT_START_DATE DATETIME,
                     STUDENT_FACT_END_DATE   DATETIME,
					 FOREIGN KEY(DEP_ID) REFERENCES dimension_department_details(DEP_ID),
					 FOREIGN KEY(COURSE_ID) REFERENCES dimension_course_details(COURSE_ID),
					 FOREIGN KEY (STUDENT_ID) REFERENCES details_main(STUDENT_ID)) fact_student.sql 0.0s fact_student Table CREATED
2020-07-20 12:56:51,501 - 8940 INFO - create table if not exists fact_student(STUDENT_ID BIGINT NOT NULL,
                     DEP_ID    VARCHAR(9)   NOT NULL,
                     COURSE_ID VARCHAR(9),
                     STAFF_ID   VARCHAR(9),
                     STUDENT_FACT_START_DATE DATETIME,
                     STUDENT_FACT_END_DATE   DATETIME,
					 FOREIGN KEY(DEP_ID) REFERENCES dimension_department_details(DEP_ID),
					 FOREIGN KEY(COURSE_ID) REFERENCES dimension_course_details(COURSE_ID),
					 FOREIGN KEY (STUDENT_ID) REFERENCES details_main(STUDENT_ID)) fact_student.sql 0.0s fact_student Table CREATED
2020-07-20 12:56:51,501 - 8940 INFO - create table if not exists fact_student(STUDENT_ID BIGINT NOT NULL,
                     DEP_ID    VARCHAR(9)   NOT NULL,
                     COURSE_ID VARCHAR(9),
                     STAFF_ID   VARCHAR(9),
                     STUDENT_FACT_START_DATE DATETIME,
                     STUDENT_FACT_END_DATE   DATETIME,
					 FOREIGN KEY(DEP_ID) REFERENCES dimension_department_details(DEP_ID),
					 FOREIGN KEY(COURSE_ID) REFERENCES dimension_course_details(COURSE_ID),
					 FOREIGN KEY (STUDENT_ID) REFERENCES details_main(STUDENT_ID)) fact_student.sql 0.0s fact_student Table CREATED
2020-07-20 12:56:51,501 - 8940 INFO - create table if not exists fact_student(STUDENT_ID BIGINT NOT NULL,
                     DEP_ID    VARCHAR(9)   NOT NULL,
                     COURSE_ID VARCHAR(9),
                     STAFF_ID   VARCHAR(9),
                     STUDENT_FACT_START_DATE DATETIME,
                     STUDENT_FACT_END_DATE   DATETIME,
					 FOREIGN KEY(DEP_ID) REFERENCES dimension_department_details(DEP_ID),
					 FOREIGN KEY(COURSE_ID) REFERENCES dimension_course_details(COURSE_ID),
					 FOREIGN KEY (STUDENT_ID) REFERENCES details_main(STUDENT_ID)) fact_student.sql 0.0s fact_student Table CREATED
2020-07-20 12:56:51,501 - 8940 INFO - create table if not exists fact_student(STUDENT_ID BIGINT NOT NULL,
                     DEP_ID    VARCHAR(9)   NOT NULL,
                     COURSE_ID VARCHAR(9),
                     STAFF_ID   VARCHAR(9),
                     STUDENT_FACT_START_DATE DATETIME,
                     STUDENT_FACT_END_DATE   DATETIME,
					 FOREIGN KEY(DEP_ID) REFERENCES dimension_department_details(DEP_ID),
					 FOREIGN KEY(COURSE_ID) REFERENCES dimension_course_details(COURSE_ID),
					 FOREIGN KEY (STUDENT_ID) REFERENCES details_main(STUDENT_ID)) fact_student.sql 0.0s fact_student Table CREATED
2020-07-20 12:56:51,501 - 8940 INFO - create table if not exists fact_student(STUDENT_ID BIGINT NOT NULL,
                     DEP_ID    VARCHAR(9)   NOT NULL,
                     COURSE_ID VARCHAR(9),
                     STAFF_ID   VARCHAR(9),
                     STUDENT_FACT_START_DATE DATETIME,
                     STUDENT_FACT_END_DATE   DATETIME,
					 FOREIGN KEY(DEP_ID) REFERENCES dimension_department_details(DEP_ID),
					 FOREIGN KEY(COURSE_ID) REFERENCES dimension_course_details(COURSE_ID),
					 FOREIGN KEY (STUDENT_ID) REFERENCES details_main(STUDENT_ID)) fact_student.sql 0.0s fact_student Table CREATED
2020-07-20 12:56:51,501 - 8940 INFO - create table if not exists fact_student(STUDENT_ID BIGINT NOT NULL,
                     DEP_ID    VARCHAR(9)   NOT NULL,
                     COURSE_ID VARCHAR(9),
                     STAFF_ID   VARCHAR(9),
                     STUDENT_FACT_START_DATE DATETIME,
                     STUDENT_FACT_END_DATE   DATETIME,
					 FOREIGN KEY(DEP_ID) REFERENCES dimension_department_details(DEP_ID),
					 FOREIGN KEY(COURSE_ID) REFERENCES dimension_course_details(COURSE_ID),
					 FOREIGN KEY (STUDENT_ID) REFERENCES details_main(STUDENT_ID)) fact_student.sql 0.0s fact_student Table CREATED
