2020-07-20 00:41:23,793 - 21608 INFO - details_main Records Inserted
2020-07-20 00:41:24,047 - 21608 INFO - dimension_calender_details Records Inserted
2020-07-20 00:41:24,047 - 21608 INFO - dimension_calender_details Records Inserted
2020-07-20 00:41:24,333 - 21608 INFO - dimension_course_details Records Inserted
2020-07-20 00:41:24,333 - 21608 INFO - dimension_course_details Records Inserted
2020-07-20 00:41:24,333 - 21608 INFO - dimension_course_details Records Inserted
2020-07-20 00:41:24,534 - 21608 INFO - dimension_degree_details Records Inserted
2020-07-20 00:41:24,534 - 21608 INFO - dimension_degree_details Records Inserted
2020-07-20 00:41:24,534 - 21608 INFO - dimension_degree_details Records Inserted
2020-07-20 00:41:24,534 - 21608 INFO - dimension_degree_details Records Inserted
2020-07-20 00:41:24,672 - 21608 INFO - dimension_department_details Records Inserted
2020-07-20 00:41:24,672 - 21608 INFO - dimension_department_details Records Inserted
2020-07-20 00:41:24,672 - 21608 INFO - dimension_department_details Records Inserted
2020-07-20 00:41:24,672 - 21608 INFO - dimension_department_details Records Inserted
2020-07-20 00:41:24,672 - 21608 INFO - dimension_department_details Records Inserted
2020-07-20 00:41:24,818 - 21608 INFO - dimension_exam_details Records Inserted
2020-07-20 00:41:24,818 - 21608 INFO - dimension_exam_details Records Inserted
2020-07-20 00:41:24,818 - 21608 INFO - dimension_exam_details Records Inserted
2020-07-20 00:41:24,818 - 21608 INFO - dimension_exam_details Records Inserted
2020-07-20 00:41:24,818 - 21608 INFO - dimension_exam_details Records Inserted
2020-07-20 00:41:24,818 - 21608 INFO - dimension_exam_details Records Inserted
2020-07-20 00:41:24,994 - 21608 INFO - dimension_grade_details Records Inserted
2020-07-20 00:41:24,994 - 21608 INFO - dimension_grade_details Records Inserted
2020-07-20 00:41:24,994 - 21608 INFO - dimension_grade_details Records Inserted
2020-07-20 00:41:24,994 - 21608 INFO - dimension_grade_details Records Inserted
2020-07-20 00:41:24,994 - 21608 INFO - dimension_grade_details Records Inserted
2020-07-20 00:41:24,994 - 21608 INFO - dimension_grade_details Records Inserted
2020-07-20 00:41:24,994 - 21608 INFO - dimension_grade_details Records Inserted
2020-07-20 00:41:25,151 - 21608 INFO - dimension_payment_details Records Inserted
2020-07-20 00:41:25,151 - 21608 INFO - dimension_payment_details Records Inserted
2020-07-20 00:41:25,151 - 21608 INFO - dimension_payment_details Records Inserted
2020-07-20 00:41:25,151 - 21608 INFO - dimension_payment_details Records Inserted
2020-07-20 00:41:25,151 - 21608 INFO - dimension_payment_details Records Inserted
2020-07-20 00:41:25,151 - 21608 INFO - dimension_payment_details Records Inserted
2020-07-20 00:41:25,151 - 21608 INFO - dimension_payment_details Records Inserted
2020-07-20 00:41:25,151 - 21608 INFO - dimension_payment_details Records Inserted
2020-07-20 00:41:25,297 - 21608 INFO - dimension_placement_details Records Inserted
2020-07-20 00:41:25,297 - 21608 INFO - dimension_placement_details Records Inserted
2020-07-20 00:41:25,297 - 21608 INFO - dimension_placement_details Records Inserted
2020-07-20 00:41:25,297 - 21608 INFO - dimension_placement_details Records Inserted
2020-07-20 00:41:25,297 - 21608 INFO - dimension_placement_details Records Inserted
2020-07-20 00:41:25,297 - 21608 INFO - dimension_placement_details Records Inserted
2020-07-20 00:41:25,297 - 21608 INFO - dimension_placement_details Records Inserted
2020-07-20 00:41:25,297 - 21608 INFO - dimension_placement_details Records Inserted
2020-07-20 00:41:25,297 - 21608 INFO - dimension_placement_details Records Inserted
2020-07-20 00:41:25,522 - 21608 INFO - dimension_staff_details Records Inserted
2020-07-20 00:41:25,522 - 21608 INFO - dimension_staff_details Records Inserted
2020-07-20 00:41:25,522 - 21608 INFO - dimension_staff_details Records Inserted
2020-07-20 00:41:25,522 - 21608 INFO - dimension_staff_details Records Inserted
2020-07-20 00:41:25,522 - 21608 INFO - dimension_staff_details Records Inserted
2020-07-20 00:41:25,522 - 21608 INFO - dimension_staff_details Records Inserted
2020-07-20 00:41:25,522 - 21608 INFO - dimension_staff_details Records Inserted
2020-07-20 00:41:25,522 - 21608 INFO - dimension_staff_details Records Inserted
2020-07-20 00:41:25,522 - 21608 INFO - dimension_staff_details Records Inserted
2020-07-20 00:41:25,522 - 21608 INFO - dimension_staff_details Records Inserted
2020-07-20 00:41:25,770 - 21608 INFO - fact_academics Records Inserted
2020-07-20 00:41:25,770 - 21608 INFO - fact_academics Records Inserted
2020-07-20 00:41:25,770 - 21608 INFO - fact_academics Records Inserted
2020-07-20 00:41:25,770 - 21608 INFO - fact_academics Records Inserted
2020-07-20 00:41:25,770 - 21608 INFO - fact_academics Records Inserted
2020-07-20 00:41:25,770 - 21608 INFO - fact_academics Records Inserted
2020-07-20 00:41:25,770 - 21608 INFO - fact_academics Records Inserted
2020-07-20 00:41:25,770 - 21608 INFO - fact_academics Records Inserted
2020-07-20 00:41:25,770 - 21608 INFO - fact_academics Records Inserted
2020-07-20 00:41:25,770 - 21608 INFO - fact_academics Records Inserted
2020-07-20 00:41:25,770 - 21608 INFO - fact_academics Records Inserted
2020-07-20 00:41:26,185 - 21608 INFO - fact_attendence Records Inserted
2020-07-20 00:41:26,185 - 21608 INFO - fact_attendence Records Inserted
2020-07-20 00:41:26,185 - 21608 INFO - fact_attendence Records Inserted
2020-07-20 00:41:26,185 - 21608 INFO - fact_attendence Records Inserted
2020-07-20 00:41:26,185 - 21608 INFO - fact_attendence Records Inserted
2020-07-20 00:41:26,185 - 21608 INFO - fact_attendence Records Inserted
2020-07-20 00:41:26,185 - 21608 INFO - fact_attendence Records Inserted
2020-07-20 00:41:26,185 - 21608 INFO - fact_attendence Records Inserted
2020-07-20 00:41:26,185 - 21608 INFO - fact_attendence Records Inserted
2020-07-20 00:41:26,185 - 21608 INFO - fact_attendence Records Inserted
2020-07-20 00:41:26,185 - 21608 INFO - fact_attendence Records Inserted
2020-07-20 00:41:26,185 - 21608 INFO - fact_attendence Records Inserted
2020-07-20 00:41:26,443 - 21608 INFO - fact_payment Records Inserted
2020-07-20 00:41:26,443 - 21608 INFO - fact_payment Records Inserted
2020-07-20 00:41:26,443 - 21608 INFO - fact_payment Records Inserted
2020-07-20 00:41:26,443 - 21608 INFO - fact_payment Records Inserted
2020-07-20 00:41:26,443 - 21608 INFO - fact_payment Records Inserted
2020-07-20 00:41:26,443 - 21608 INFO - fact_payment Records Inserted
2020-07-20 00:41:26,443 - 21608 INFO - fact_payment Records Inserted
2020-07-20 00:41:26,443 - 21608 INFO - fact_payment Records Inserted
2020-07-20 00:41:26,443 - 21608 INFO - fact_payment Records Inserted
2020-07-20 00:41:26,443 - 21608 INFO - fact_payment Records Inserted
2020-07-20 00:41:26,443 - 21608 INFO - fact_payment Records Inserted
2020-07-20 00:41:26,443 - 21608 INFO - fact_payment Records Inserted
2020-07-20 00:41:26,443 - 21608 INFO - fact_payment Records Inserted
2020-07-20 00:41:26,757 - 21608 INFO - fact_placement Records Inserted
2020-07-20 00:41:26,757 - 21608 INFO - fact_placement Records Inserted
2020-07-20 00:41:26,757 - 21608 INFO - fact_placement Records Inserted
2020-07-20 00:41:26,757 - 21608 INFO - fact_placement Records Inserted
2020-07-20 00:41:26,757 - 21608 INFO - fact_placement Records Inserted
2020-07-20 00:41:26,757 - 21608 INFO - fact_placement Records Inserted
2020-07-20 00:41:26,757 - 21608 INFO - fact_placement Records Inserted
2020-07-20 00:41:26,757 - 21608 INFO - fact_placement Records Inserted
2020-07-20 00:41:26,757 - 21608 INFO - fact_placement Records Inserted
2020-07-20 00:41:26,757 - 21608 INFO - fact_placement Records Inserted
2020-07-20 00:41:26,757 - 21608 INFO - fact_placement Records Inserted
2020-07-20 00:41:26,757 - 21608 INFO - fact_placement Records Inserted
2020-07-20 00:41:26,757 - 21608 INFO - fact_placement Records Inserted
2020-07-20 00:41:26,757 - 21608 INFO - fact_placement Records Inserted
2020-07-20 00:41:27,082 - 21608 INFO - fact_student Records Inserted
2020-07-20 00:41:27,082 - 21608 INFO - fact_student Records Inserted
2020-07-20 00:41:27,082 - 21608 INFO - fact_student Records Inserted
2020-07-20 00:41:27,082 - 21608 INFO - fact_student Records Inserted
2020-07-20 00:41:27,082 - 21608 INFO - fact_student Records Inserted
2020-07-20 00:41:27,082 - 21608 INFO - fact_student Records Inserted
2020-07-20 00:41:27,082 - 21608 INFO - fact_student Records Inserted
2020-07-20 00:41:27,082 - 21608 INFO - fact_student Records Inserted
2020-07-20 00:41:27,082 - 21608 INFO - fact_student Records Inserted
2020-07-20 00:41:27,082 - 21608 INFO - fact_student Records Inserted
2020-07-20 00:41:27,082 - 21608 INFO - fact_student Records Inserted
2020-07-20 00:41:27,082 - 21608 INFO - fact_student Records Inserted
2020-07-20 00:41:27,082 - 21608 INFO - fact_student Records Inserted
2020-07-20 00:41:27,082 - 21608 INFO - fact_student Records Inserted
2020-07-20 00:41:27,082 - 21608 INFO - fact_student Records Inserted
